{"F:\\work\\libs\\modal\\hyper-modal\\src\\index.tsx": {"path":"F:\\work\\libs\\modal\\hyper-modal\\src\\index.tsx","statementMap":{"0":{"start":{"line":2,"column":16},"end":{"line":11,"column":4}},"1":{"start":{"line":3,"column":24},"end":{"line":5,"column":82}},"2":{"start":{"line":4,"column":65},"end":{"line":4,"column":81}},"3":{"start":{"line":5,"column":26},"end":{"line":5,"column":80}},"4":{"start":{"line":5,"column":43},"end":{"line":5,"column":80}},"5":{"start":{"line":5,"column":68},"end":{"line":5,"column":80}},"6":{"start":{"line":6,"column":4},"end":{"line":10,"column":6}},"7":{"start":{"line":7,"column":8},"end":{"line":7,"column":28}},"8":{"start":{"line":8,"column":24},"end":{"line":8,"column":45}},"9":{"start":{"line":9,"column":8},"end":{"line":9,"column":93}},"10":{"start":{"line":12,"column":0},"end":{"line":12,"column":62}},"11":{"start":{"line":13,"column":12},"end":{"line":13,"column":28}},"12":{"start":{"line":14,"column":15},"end":{"line":14,"column":35}},"13":{"start":{"line":15,"column":19},"end":{"line":15,"column":42}},"14":{"start":{"line":16,"column":16},"end":{"line":16,"column":36}},"15":{"start":{"line":17,"column":0},"end":{"line":17,"column":24}},"16":{"start":{"line":18,"column":14},"end":{"line":18,"column":16}},"17":{"start":{"line":19,"column":27},"end":{"line":131,"column":18}},"18":{"start":{"line":20,"column":4},"end":{"line":20,"column":29}},"19":{"start":{"line":22,"column":20},"end":{"line":22,"column":52}},"20":{"start":{"line":23,"column":8},"end":{"line":30,"column":10}},"21":{"start":{"line":24,"column":12},"end":{"line":29,"column":13}},"22":{"start":{"line":27,"column":16},"end":{"line":27,"column":40}},"23":{"start":{"line":28,"column":16},"end":{"line":28,"column":36}},"24":{"start":{"line":31,"column":8},"end":{"line":31,"column":90}},"25":{"start":{"line":31,"column":41},"end":{"line":31,"column":87}},"26":{"start":{"line":32,"column":8},"end":{"line":37,"column":10}},"27":{"start":{"line":33,"column":29},"end":{"line":33,"column":51}},"28":{"start":{"line":34,"column":12},"end":{"line":36,"column":13}},"29":{"start":{"line":35,"column":16},"end":{"line":35,"column":29}},"30":{"start":{"line":38,"column":8},"end":{"line":53,"column":10}},"31":{"start":{"line":39,"column":21},"end":{"line":39,"column":32}},"32":{"start":{"line":39,"column":48},"end":{"line":39,"column":62}},"33":{"start":{"line":39,"column":79},"end":{"line":39,"column":94}},"34":{"start":{"line":39,"column":119},"end":{"line":39,"column":142}},"35":{"start":{"line":40,"column":12},"end":{"line":42,"column":13}},"36":{"start":{"line":41,"column":16},"end":{"line":41,"column":30}},"37":{"start":{"line":43,"column":12},"end":{"line":50,"column":13}},"38":{"start":{"line":44,"column":16},"end":{"line":48,"column":41}},"39":{"start":{"line":45,"column":20},"end":{"line":45,"column":39}},"40":{"start":{"line":46,"column":20},"end":{"line":46,"column":35}},"41":{"start":{"line":47,"column":20},"end":{"line":47,"column":45}},"42":{"start":{"line":49,"column":16},"end":{"line":49,"column":23}},"43":{"start":{"line":51,"column":12},"end":{"line":51,"column":27}},"44":{"start":{"line":52,"column":12},"end":{"line":52,"column":37}},"45":{"start":{"line":54,"column":8},"end":{"line":57,"column":10}},"46":{"start":{"line":55,"column":21},"end":{"line":55,"column":32}},"47":{"start":{"line":55,"column":44},"end":{"line":55,"column":54}},"48":{"start":{"line":55,"column":77},"end":{"line":55,"column":98}},"49":{"start":{"line":56,"column":12},"end":{"line":56,"column":207}},"50":{"start":{"line":58,"column":8},"end":{"line":64,"column":10}},"51":{"start":{"line":59,"column":21},"end":{"line":59,"column":32}},"52":{"start":{"line":59,"column":52},"end":{"line":59,"column":70}},"53":{"start":{"line":59,"column":96},"end":{"line":59,"column":120}},"54":{"start":{"line":59,"column":142},"end":{"line":59,"column":162}},"55":{"start":{"line":60,"column":33},"end":{"line":62,"column":44}},"56":{"start":{"line":63,"column":12},"end":{"line":63,"column":254}},"57":{"start":{"line":65,"column":8},"end":{"line":81,"column":10}},"58":{"start":{"line":67,"column":21},"end":{"line":67,"column":32}},"59":{"start":{"line":67,"column":48},"end":{"line":67,"column":62}},"60":{"start":{"line":67,"column":76},"end":{"line":67,"column":88}},"61":{"start":{"line":67,"column":100},"end":{"line":67,"column":110}},"62":{"start":{"line":67,"column":127},"end":{"line":67,"column":142}},"63":{"start":{"line":67,"column":162},"end":{"line":67,"column":180}},"64":{"start":{"line":67,"column":198},"end":{"line":67,"column":214}},"65":{"start":{"line":67,"column":231},"end":{"line":67,"column":246}},"66":{"start":{"line":67,"column":259},"end":{"line":67,"column":270}},"67":{"start":{"line":68,"column":26},"end":{"line":70,"column":58}},"68":{"start":{"line":71,"column":12},"end":{"line":80,"column":42}},"69":{"start":{"line":82,"column":8},"end":{"line":94,"column":10}},"70":{"start":{"line":84,"column":21},"end":{"line":84,"column":32}},"71":{"start":{"line":84,"column":44},"end":{"line":84,"column":54}},"72":{"start":{"line":84,"column":72},"end":{"line":84,"column":88}},"73":{"start":{"line":84,"column":108},"end":{"line":84,"column":126}},"74":{"start":{"line":84,"column":139},"end":{"line":84,"column":150}},"75":{"start":{"line":85,"column":30},"end":{"line":85,"column":53}},"76":{"start":{"line":86,"column":12},"end":{"line":93,"column":45}},"77":{"start":{"line":95,"column":8},"end":{"line":106,"column":10}},"78":{"start":{"line":96,"column":21},"end":{"line":96,"column":32}},"79":{"start":{"line":96,"column":47},"end":{"line":96,"column":60}},"80":{"start":{"line":96,"column":75},"end":{"line":96,"column":88}},"81":{"start":{"line":96,"column":100},"end":{"line":96,"column":110}},"82":{"start":{"line":96,"column":129},"end":{"line":96,"column":146}},"83":{"start":{"line":97,"column":30},"end":{"line":97,"column":53}},"84":{"start":{"line":98,"column":12},"end":{"line":100,"column":13}},"85":{"start":{"line":99,"column":16},"end":{"line":99,"column":30}},"86":{"start":{"line":101,"column":12},"end":{"line":104,"column":13}},"87":{"start":{"line":102,"column":27},"end":{"line":102,"column":107}},"88":{"start":{"line":103,"column":16},"end":{"line":103,"column":79}},"89":{"start":{"line":105,"column":12},"end":{"line":105,"column":46}},"90":{"start":{"line":107,"column":8},"end":{"line":109,"column":10}},"91":{"start":{"line":110,"column":8},"end":{"line":110,"column":21}},"92":{"start":{"line":112,"column":4},"end":{"line":119,"column":6}},"93":{"start":{"line":113,"column":8},"end":{"line":117,"column":9}},"94":{"start":{"line":114,"column":12},"end":{"line":116,"column":14}},"95":{"start":{"line":118,"column":8},"end":{"line":118,"column":20}},"96":{"start":{"line":120,"column":4},"end":{"line":122,"column":6}},"97":{"start":{"line":121,"column":8},"end":{"line":121,"column":65}},"98":{"start":{"line":123,"column":4},"end":{"line":125,"column":6}},"99":{"start":{"line":124,"column":8},"end":{"line":124,"column":68}},"100":{"start":{"line":126,"column":4},"end":{"line":128,"column":6}},"101":{"start":{"line":127,"column":8},"end":{"line":127,"column":34}},"102":{"start":{"line":129,"column":4},"end":{"line":129,"column":48}},"103":{"start":{"line":130,"column":4},"end":{"line":130,"column":17}},"104":{"start":{"line":132,"column":0},"end":{"line":132,"column":24}}},"fnMap":{"0":{"name":"(anonymous_0)","decl":{"start":{"line":2,"column":45},"end":{"line":2,"column":46}},"loc":{"start":{"line":2,"column":57},"end":{"line":11,"column":1}},"line":2},"1":{"name":"(anonymous_1)","decl":{"start":{"line":4,"column":47},"end":{"line":4,"column":48}},"loc":{"start":{"line":4,"column":63},"end":{"line":4,"column":83}},"line":4},"2":{"name":"(anonymous_2)","decl":{"start":{"line":5,"column":8},"end":{"line":5,"column":9}},"loc":{"start":{"line":5,"column":24},"end":{"line":5,"column":82}},"line":5},"3":{"name":"(anonymous_3)","decl":{"start":{"line":6,"column":11},"end":{"line":6,"column":12}},"loc":{"start":{"line":6,"column":27},"end":{"line":10,"column":5}},"line":6},"4":{"name":"__","decl":{"start":{"line":8,"column":17},"end":{"line":8,"column":19}},"loc":{"start":{"line":8,"column":22},"end":{"line":8,"column":47}},"line":8},"5":{"name":"(anonymous_5)","decl":{"start":{"line":19,"column":27},"end":{"line":19,"column":28}},"loc":{"start":{"line":19,"column":45},"end":{"line":131,"column":1}},"line":19},"6":{"name":"Modal","decl":{"start":{"line":21,"column":13},"end":{"line":21,"column":18}},"loc":{"start":{"line":21,"column":26},"end":{"line":111,"column":5}},"line":21},"7":{"name":"(anonymous_7)","decl":{"start":{"line":23,"column":30},"end":{"line":23,"column":31}},"loc":{"start":{"line":23,"column":47},"end":{"line":30,"column":9}},"line":23},"8":{"name":"(anonymous_8)","decl":{"start":{"line":31,"column":27},"end":{"line":31,"column":28}},"loc":{"start":{"line":31,"column":39},"end":{"line":31,"column":89}},"line":31},"9":{"name":"(anonymous_9)","decl":{"start":{"line":32,"column":33},"end":{"line":32,"column":34}},"loc":{"start":{"line":32,"column":45},"end":{"line":37,"column":9}},"line":32},"10":{"name":"(anonymous_10)","decl":{"start":{"line":38,"column":28},"end":{"line":38,"column":29}},"loc":{"start":{"line":38,"column":40},"end":{"line":53,"column":9}},"line":38},"11":{"name":"(anonymous_11)","decl":{"start":{"line":44,"column":37},"end":{"line":44,"column":38}},"loc":{"start":{"line":44,"column":49},"end":{"line":48,"column":17}},"line":44},"12":{"name":"(anonymous_12)","decl":{"start":{"line":54,"column":29},"end":{"line":54,"column":30}},"loc":{"start":{"line":54,"column":41},"end":{"line":57,"column":9}},"line":54},"13":{"name":"(anonymous_13)","decl":{"start":{"line":58,"column":32},"end":{"line":58,"column":33}},"loc":{"start":{"line":58,"column":44},"end":{"line":64,"column":9}},"line":58},"14":{"name":"(anonymous_14)","decl":{"start":{"line":65,"column":35},"end":{"line":65,"column":36}},"loc":{"start":{"line":65,"column":47},"end":{"line":81,"column":9}},"line":65},"15":{"name":"(anonymous_15)","decl":{"start":{"line":82,"column":35},"end":{"line":82,"column":36}},"loc":{"start":{"line":82,"column":47},"end":{"line":94,"column":9}},"line":82},"16":{"name":"(anonymous_16)","decl":{"start":{"line":95,"column":28},"end":{"line":95,"column":29}},"loc":{"start":{"line":95,"column":40},"end":{"line":106,"column":9}},"line":95},"17":{"name":"(anonymous_17)","decl":{"start":{"line":112,"column":37},"end":{"line":112,"column":38}},"loc":{"start":{"line":112,"column":61},"end":{"line":119,"column":5}},"line":112},"18":{"name":"(anonymous_18)","decl":{"start":{"line":120,"column":40},"end":{"line":120,"column":41}},"loc":{"start":{"line":120,"column":52},"end":{"line":122,"column":5}},"line":120},"19":{"name":"(anonymous_19)","decl":{"start":{"line":123,"column":43},"end":{"line":123,"column":44}},"loc":{"start":{"line":123,"column":55},"end":{"line":125,"column":5}},"line":123},"20":{"name":"(anonymous_20)","decl":{"start":{"line":126,"column":29},"end":{"line":126,"column":30}},"loc":{"start":{"line":126,"column":41},"end":{"line":128,"column":5}},"line":126}},"branchMap":{"0":{"loc":{"start":{"line":2,"column":16},"end":{"line":11,"column":4}},"type":"binary-expr","locations":[{"start":{"line":2,"column":17},"end":{"line":2,"column":21}},{"start":{"line":2,"column":25},"end":{"line":2,"column":39}},{"start":{"line":2,"column":44},"end":{"line":11,"column":4}}],"line":2},"1":{"loc":{"start":{"line":3,"column":24},"end":{"line":5,"column":82}},"type":"binary-expr","locations":[{"start":{"line":3,"column":24},"end":{"line":3,"column":45}},{"start":{"line":4,"column":9},"end":{"line":4,"column":43}},{"start":{"line":4,"column":47},"end":{"line":4,"column":83}},{"start":{"line":5,"column":8},"end":{"line":5,"column":82}}],"line":3},"2":{"loc":{"start":{"line":5,"column":43},"end":{"line":5,"column":80}},"type":"if","locations":[{"start":{"line":5,"column":43},"end":{"line":5,"column":80}},{"start":{"line":5,"column":43},"end":{"line":5,"column":80}}],"line":5},"3":{"loc":{"start":{"line":9,"column":22},"end":{"line":9,"column":92}},"type":"cond-expr","locations":[{"start":{"line":9,"column":35},"end":{"line":9,"column":51}},{"start":{"line":9,"column":55},"end":{"line":9,"column":91}}],"line":9},"4":{"loc":{"start":{"line":22,"column":20},"end":{"line":22,"column":52}},"type":"binary-expr","locations":[{"start":{"line":22,"column":20},"end":{"line":22,"column":44}},{"start":{"line":22,"column":48},"end":{"line":22,"column":52}}],"line":22},"5":{"loc":{"start":{"line":24,"column":12},"end":{"line":29,"column":13}},"type":"if","locations":[{"start":{"line":24,"column":12},"end":{"line":29,"column":13}},{"start":{"line":24,"column":12},"end":{"line":29,"column":13}}],"line":24},"6":{"loc":{"start":{"line":24,"column":16},"end":{"line":26,"column":39}},"type":"binary-expr","locations":[{"start":{"line":24,"column":16},"end":{"line":24,"column":43}},{"start":{"line":25,"column":16},"end":{"line":25,"column":41}},{"start":{"line":26,"column":16},"end":{"line":26,"column":39}}],"line":24},"7":{"loc":{"start":{"line":34,"column":12},"end":{"line":36,"column":13}},"type":"if","locations":[{"start":{"line":34,"column":12},"end":{"line":36,"column":13}},{"start":{"line":34,"column":12},"end":{"line":36,"column":13}}],"line":34},"8":{"loc":{"start":{"line":40,"column":12},"end":{"line":42,"column":13}},"type":"if","locations":[{"start":{"line":40,"column":12},"end":{"line":42,"column":13}},{"start":{"line":40,"column":12},"end":{"line":42,"column":13}}],"line":40},"9":{"loc":{"start":{"line":43,"column":12},"end":{"line":50,"column":13}},"type":"if","locations":[{"start":{"line":43,"column":12},"end":{"line":50,"column":13}},{"start":{"line":43,"column":12},"end":{"line":50,"column":13}}],"line":43},"10":{"loc":{"start":{"line":56,"column":105},"end":{"line":56,"column":140}},"type":"binary-expr","locations":[{"start":{"line":56,"column":105},"end":{"line":56,"column":112}},{"start":{"line":56,"column":116},"end":{"line":56,"column":140}}],"line":56},"11":{"loc":{"start":{"line":56,"column":152},"end":{"line":56,"column":202}},"type":"cond-expr","locations":[{"start":{"line":56,"column":173},"end":{"line":56,"column":190}},{"start":{"line":56,"column":193},"end":{"line":56,"column":202}}],"line":56},"12":{"loc":{"start":{"line":60,"column":33},"end":{"line":62,"column":44}},"type":"cond-expr","locations":[{"start":{"line":61,"column":18},"end":{"line":61,"column":124}},{"start":{"line":62,"column":18},"end":{"line":62,"column":44}}],"line":60},"13":{"loc":{"start":{"line":63,"column":85},"end":{"line":63,"column":138}},"type":"cond-expr","locations":[{"start":{"line":63,"column":109},"end":{"line":63,"column":126}},{"start":{"line":63,"column":129},"end":{"line":63,"column":138}}],"line":63},"14":{"loc":{"start":{"line":63,"column":155},"end":{"line":63,"column":251}},"type":"cond-expr","locations":[{"start":{"line":63,"column":173},"end":{"line":63,"column":190}},{"start":{"line":63,"column":194},"end":{"line":63,"column":250}}],"line":63},"15":{"loc":{"start":{"line":68,"column":26},"end":{"line":70,"column":58}},"type":"cond-expr","locations":[{"start":{"line":69,"column":18},"end":{"line":69,"column":26}},{"start":{"line":70,"column":18},"end":{"line":70,"column":58}}],"line":68},"16":{"loc":{"start":{"line":70,"column":18},"end":{"line":70,"column":58}},"type":"cond-expr","locations":[{"start":{"line":70,"column":34},"end":{"line":70,"column":49}},{"start":{"line":70,"column":53},"end":{"line":70,"column":57}}],"line":70},"17":{"loc":{"start":{"line":73,"column":36},"end":{"line":73,"column":57}},"type":"binary-expr","locations":[{"start":{"line":73,"column":36},"end":{"line":73,"column":48}},{"start":{"line":73,"column":52},"end":{"line":73,"column":57}}],"line":73},"18":{"loc":{"start":{"line":75,"column":23},"end":{"line":75,"column":66}},"type":"binary-expr","locations":[{"start":{"line":75,"column":24},"end":{"line":75,"column":31}},{"start":{"line":75,"column":35},"end":{"line":75,"column":59}},{"start":{"line":75,"column":64},"end":{"line":75,"column":66}}],"line":75},"19":{"loc":{"start":{"line":77,"column":16},"end":{"line":79,"column":161}},"type":"cond-expr","locations":[{"start":{"line":78,"column":22},"end":{"line":78,"column":29}},{"start":{"line":79,"column":23},"end":{"line":79,"column":160}}],"line":77},"20":{"loc":{"start":{"line":90,"column":23},"end":{"line":90,"column":66}},"type":"binary-expr","locations":[{"start":{"line":90,"column":24},"end":{"line":90,"column":31}},{"start":{"line":90,"column":35},"end":{"line":90,"column":59}},{"start":{"line":90,"column":64},"end":{"line":90,"column":66}}],"line":90},"21":{"loc":{"start":{"line":92,"column":16},"end":{"line":92,"column":53}},"type":"binary-expr","locations":[{"start":{"line":92,"column":16},"end":{"line":92,"column":29}},{"start":{"line":92,"column":33},"end":{"line":92,"column":53}}],"line":92},"22":{"loc":{"start":{"line":98,"column":12},"end":{"line":100,"column":13}},"type":"if","locations":[{"start":{"line":98,"column":12},"end":{"line":100,"column":13}},{"start":{"line":98,"column":12},"end":{"line":100,"column":13}}],"line":98},"23":{"loc":{"start":{"line":98,"column":16},"end":{"line":98,"column":46}},"type":"binary-expr","locations":[{"start":{"line":98,"column":16},"end":{"line":98,"column":28}},{"start":{"line":98,"column":32},"end":{"line":98,"column":46}}],"line":98},"24":{"loc":{"start":{"line":101,"column":12},"end":{"line":104,"column":13}},"type":"if","locations":[{"start":{"line":101,"column":12},"end":{"line":104,"column":13}},{"start":{"line":101,"column":12},"end":{"line":104,"column":13}}],"line":101},"25":{"loc":{"start":{"line":101,"column":16},"end":{"line":101,"column":51}},"type":"binary-expr","locations":[{"start":{"line":101,"column":16},"end":{"line":101,"column":26}},{"start":{"line":101,"column":30},"end":{"line":101,"column":51}}],"line":101},"26":{"loc":{"start":{"line":102,"column":27},"end":{"line":102,"column":107}},"type":"binary-expr","locations":[{"start":{"line":102,"column":27},"end":{"line":102,"column":37}},{"start":{"line":102,"column":41},"end":{"line":102,"column":107}}],"line":102},"27":{"loc":{"start":{"line":102,"column":65},"end":{"line":102,"column":106}},"type":"binary-expr","locations":[{"start":{"line":102,"column":65},"end":{"line":102,"column":72}},{"start":{"line":102,"column":76},"end":{"line":102,"column":106}}],"line":102},"28":{"loc":{"start":{"line":113,"column":8},"end":{"line":117,"column":9}},"type":"if","locations":[{"start":{"line":113,"column":8},"end":{"line":117,"column":9}},{"start":{"line":113,"column":8},"end":{"line":117,"column":9}}],"line":113},"29":{"loc":{"start":{"line":113,"column":12},"end":{"line":113,"column":71}},"type":"binary-expr","locations":[{"start":{"line":113,"column":12},"end":{"line":113,"column":46}},{"start":{"line":113,"column":50},"end":{"line":113,"column":71}}],"line":113}},"s":{"0":1,"1":1,"2":0,"3":0,"4":0,"5":0,"6":1,"7":1,"8":1,"9":1,"10":1,"11":1,"12":1,"13":1,"14":1,"15":1,"16":1,"17":1,"18":1,"19":1,"20":1,"21":0,"22":0,"23":0,"24":1,"25":0,"26":1,"27":0,"28":0,"29":0,"30":1,"31":0,"32":0,"33":0,"34":0,"35":0,"36":0,"37":0,"38":0,"39":0,"40":0,"41":0,"42":0,"43":0,"44":0,"45":1,"46":1,"47":1,"48":1,"49":1,"50":1,"51":1,"52":1,"53":1,"54":1,"55":1,"56":1,"57":1,"58":1,"59":1,"60":1,"61":1,"62":1,"63":1,"64":1,"65":1,"66":1,"67":1,"68":1,"69":1,"70":1,"71":1,"72":1,"73":1,"74":1,"75":1,"76":1,"77":1,"78":1,"79":1,"80":1,"81":1,"82":1,"83":1,"84":1,"85":0,"86":1,"87":0,"88":0,"89":1,"90":1,"91":1,"92":1,"93":1,"94":1,"95":0,"96":1,"97":1,"98":1,"99":1,"100":1,"101":1,"102":1,"103":1,"104":1},"f":{"0":1,"1":0,"2":0,"3":1,"4":1,"5":1,"6":1,"7":0,"8":0,"9":0,"10":0,"11":0,"12":1,"13":1,"14":1,"15":1,"16":1,"17":1,"18":1,"19":1,"20":1},"b":{"0":[1,1,1],"1":[1,0,0,0],"2":[0,0],"3":[0,1],"4":[1,1],"5":[0,0],"6":[0,0,0],"7":[0,0],"8":[0,0],"9":[0,0],"10":[1,0],"11":[1,0],"12":[1,0],"13":[1,0],"14":[0,1],"15":[1,0],"16":[0,0],"17":[1,1],"18":[1,0,1],"19":[0,1],"20":[1,0,1],"21":[1,1],"22":[0,1],"23":[1,0],"24":[0,1],"25":[1,0],"26":[0,0],"27":[0,0],"28":[1,0],"29":[1,1]},"inputSourceMap":{"version":3,"file":"index.js","sourceRoot":"","sources":["index.tsx"],"names":[],"mappings":";;;;;;;;;;;;AAAA,6BAA+B;AAC/B,oCAAsC;AACtC,2CAAqE;AACrE,qCAMmB;AAEnB,wBAAsB;AAEtB,IAAM,OAAO,GAAG,EAAE,CAAC;AAEnB;IAAoB,yBAAyC;IAC3D,eAAY,KAAkB;QAA9B,YACE,kBAAM,KAAK,CAAC,SAIb;QAqBD,mBAAa,GAAG,UAAC,KAAoB;YACnC,IACE,KAAI,CAAC,KAAK,CAAC,eAAe;gBAC1B,KAAK,CAAC,OAAO,KAAK,OAAO;gBACzB,KAAI,CAAC,KAAK,CAAC,WAAW,EACtB;gBACA,KAAK,CAAC,eAAe,EAAE,CAAC;gBACxB,KAAI,CAAC,WAAW,EAAE,CAAC;aACpB;QACH,CAAC,CAAC;QAEF,gBAAU,GAAG,cAAM,OAAA,KAAI,CAAC,QAAQ,CAAC,EAAE,WAAW,EAAE,KAAK,EAAE,CAAC,EAArC,CAAqC,CAAC;QAEzD,sBAAgB,GAAG;YACT,IAAA,mCAAU,CAAgB;YAClC,IAAI,UAAU,EAAE;gBACd,UAAU,EAAE,CAAC;aACd;QACH,CAAC,CAAA;QAED,iBAAW,GAAG;YACN,IAAA,gBAAgE,EAA9D,4BAAW,EAAE,8BAAY,EAAE,8CAAoB,CAAgB;YACvE,IAAI,WAAW,EAAE;gBACf,WAAW,EAAE,CAAC;aACf;YACD,IAAI,oBAAoB,EAAE;gBACxB,oBAAU,CACR;oBACE,KAAI,CAAC,UAAU,EAAE,CAAC;oBAClB,YAAY,EAAE,CAAC;oBACf,KAAI,CAAC,gBAAgB,EAAE,CAAC;gBAC1B,CAAC,EACD,oBAAoB,CACrB,CAAC;gBACF,OAAO;aACR;YACD,YAAY,EAAE,CAAC;YACf,KAAI,CAAC,gBAAgB,EAAE,CAAC;QAC1B,CAAC,CAAA;QAED,kBAAY,GAAG;YACP,IAAA,gBAA4C,EAA1C,oBAAO,EAAE,0CAAkB,CAAgB;YACnD,OAAO,CACL,6BACE,SAAS,EACP,oBAAU,CAAC,sBAAsB,EAAE,OAAO,IAAI,OAAO,CAAC,gBAAgB,CAAC,EAEzE,OAAO,EAAE,kBAAkB,CAAC,CAAC,CAAC,KAAI,CAAC,WAAW,CAAC,CAAC,CAAC,SAAS,GAC1D,CACH,CAAC;QACJ,CAAC,CAAA;QAED,qBAAe,GAAG;YACV,IAAA,gBAA0E,EAAxE,oCAAe,EAAE,gDAAqB,EAAE,wCAAiB,CAAgB;YACjF,IAAM,cAAc,GAAG,iBAAiB;gBACtC,CAAC,CAAC,oBAAU,CACR,0BAA0B,EAC1B,iBAAiB,CAAC,UAAU,EAC5B,iBAAiB,CAAC,QAAQ,CAC3B;gBACH,CAAC,CAAC,0BAA0B,CAAC;YAC/B,OAAO,CACL,6BACE,SAAS,EAAE,cAAc,EACzB,OAAO,EAAE,qBAAqB,CAAC,CAAC,CAAC,KAAI,CAAC,WAAW,CAAC,CAAC,CAAC,SAAS,EAC7D,QAAQ,EAAE,CAAC,IAEV,eAAe,CAAC,CAAC,CAAC,eAAe,EAAE,CAAC,CAAC,CAAC,CAAC,oBAAC,6BAAgB,OAAG,CAAC,CACzD,CACP,CAAC;QACJ,CAAC,CAAA;QAED,wBAAkB,GAAG;;YACb,IAAA,gBASQ,EARZ,4BAAW,EACX,wBAAS,EACT,oBAAO,EACP,8BAAY,EACZ,oCAAe,EACf,gCAAa,EACb,8BAAY,EACZ,sBAAQ,CACK;YAEf,IAAM,OAAO,GAAG,YAAY;gBAC1B,CAAC,CAAC,QAAQ;gBACV,CAAC,CAAC,aAAa,CAAC,CAAC,CAAC,aAAa,EAAE,CAAC,CAAC,CAAC,CAAC,IAAI,CAAC,CAAC;YAE7C,OAAO,CACL,6BACE,SAAS,EACP,oBAAU;wBACR,6BAA6B,EAAE,IAAI;wBACnC,UAAU,EAAE,YAAY,IAAI,KAAK;;oBACjC,GAAC,CAAC,OAAO,IAAI,OAAO,CAAC,gBAAgB,CAAC,IAAI,EAAE,IAAG,IAAI;wBACnD,EAEJ,GAAG,EAAE,eAAe;gBAEnB,OAAO;oBACN,CAAC,CAAC,OAAO;oBACT,CAAC,CAAC,CAAC,oBAAC,gCAAmB,IACnB,SAAS,EAAE,SAAS,EACpB,WAAW,EAAE,WAAW,EACxB,WAAW,EAAE,KAAI,CAAC,WAAW,GAC7B,CAAC;gBAEN,KAAI,CAAC,eAAe,EAAE,CACnB,CACP,CAAC;QACJ,CAAC,CAAA;QAED,wBAAkB,GAAG;;YACb,IAAA,gBAKQ,EAJZ,oBAAO,EACP,gCAAa,EACb,oCAAe,EACf,sBAAQ,CACK;YACP,IAAA,qCAAW,CAAgB;YACnC,OAAO,CACL,6BACE,SAAS,EACP,oBAAU;wBACR,qBAAqB,EAAE,IAAI;wBAC3B,OAAO,EAAE,WAAW;;oBACpB,GAAC,CAAC,OAAO,IAAI,OAAO,CAAC,gBAAgB,CAAC,IAAI,EAAE,IAAG,IAAI;wBACnD,EAEJ,GAAG,EAAE,eAAe,EACpB,KAAK,EAAE,2BAAiB,CAAC,QAAQ,CAAC;gBAEjC,aAAa,IAAI,KAAI,CAAC,YAAY,EAAE;gBACpC,KAAI,CAAC,kBAAkB,EAAE,CACtB,CACP,CAAC;QACJ,CAAC,CAAA;QAED,iBAAW,GAAG;YACN,IAAA,gBAAgE,EAA9D,0BAAU,EAAE,0BAAU,EAAE,oBAAO,EAAE,kCAAc,CAAgB;YAC/D,IAAA,qCAAW,CAAgB;YAEnC,IAAI,CAAC,WAAW,IAAI,cAAc,EAAE;gBAClC,OAAO,CAAC,IAAI,CAAC,CAAC;aACf;YACD,IAAI,UAAU,IAAI,QAAQ,CAAC,YAAY,EAAE;gBACvC,IAAM,IAAI,GAAG,UAAU,IAAI,uBAAa,CAAC,OAAO,IAAI,OAAO,CAAC,sBAAsB,CAAC,CAAC;gBACpF,OAAO,QAAQ,CAAC,YAAY,CAC1B,KAAI,CAAC,kBAAkB,EAAE,EACzB,IAAI,CACL,CAAC;aACH;YACD,OAAO,KAAI,CAAC,kBAAkB,EAAE,CAAC;QACnC,CAAC,CAAA;QAjLC,KAAI,CAAC,KAAK,GAAG;YACX,WAAW,EAAE,KAAK;SACnB,CAAC;;IACJ,CAAC;IAIM,8BAAwB,GAA/B,UAAgC,KAAkB,EAAE,KAAkB;QACpE,IAAI,KAAK,CAAC,MAAM,KAAK,KAAK,CAAC,WAAW,IAAI,CAAC,KAAK,CAAC,cAAc,EAAE;YAC/D,OAAO;gBACL,WAAW,EAAE,KAAK,CAAC,MAAM;aAC1B,CAAC;SACH;QACD,OAAO,IAAI,CAAC;IACd,CAAC;IAED,iCAAiB,GAAjB;QACE,QAAQ,CAAC,gBAAgB,CAAC,SAAS,EAAE,IAAI,CAAC,aAAa,CAAC,CAAC;IAC3D,CAAC;IAED,oCAAoB,GAApB;QACE,QAAQ,CAAC,mBAAmB,CAAC,SAAS,EAAE,IAAI,CAAC,aAAa,CAAC,CAAC;IAC9D,CAAC;IA6JD,sBAAM,GAAN;QACE,OAAO,IAAI,CAAC,WAAW,EAAE,CAAC;IAC5B,CAAC;IAhLM,kBAAY,GAAG,sBAAY,CAAC;IAiLrC,YAAC;CAAA,AAzLD,CAAoB,KAAK,CAAC,SAAS,GAyLlC;AAED,kBAAe,KAAK,CAAC","sourcesContent":["import * as React from 'react';\r\nimport * as ReactDOM from 'react-dom';\r\nimport { DefaultCloseIcon, DefaultModalContent } from './components';\r\nimport {\r\n  buildContentStyle,\r\n  classnames,\r\n  createElement,\r\n  defaultProps,\r\n  defferCall,\r\n} from './helpers';\r\nimport { IModalProps, IModalState } from './types';\r\nimport './style.scss';\r\n\r\nconst ESC_KEY = 27;\r\n\r\nclass Modal extends React.Component<IModalProps, IModalState> {\r\n  constructor(props: IModalProps) {\r\n    super(props);\r\n    this.state = {\r\n      isInnerOpen: false,\r\n    };\r\n  }\r\n\r\n  static defaultProps = defaultProps;\r\n\r\n  static getDerivedStateFromProps(props: IModalProps, state: IModalState) {\r\n    if (props.isOpen !== state.isInnerOpen && !props.unmountOnClose) {\r\n      return {\r\n        isInnerOpen: props.isOpen,\r\n      };\r\n    }\r\n    return null;\r\n  }\r\n\r\n  componentDidMount() {\r\n    document.addEventListener('keydown', this.handleKeyDown);\r\n  }\r\n\r\n  componentWillUnmount() {\r\n    document.removeEventListener('keydown', this.handleKeyDown);\r\n  }\r\n\r\n  handleKeyDown = (event: KeyboardEvent) => {\r\n    if (\r\n      this.props.closeOnEscClick &&\r\n      event.keyCode === ESC_KEY &&\r\n      this.state.isInnerOpen\r\n    ) {\r\n      event.stopPropagation();\r\n      this.handleClose();\r\n    }\r\n  };\r\n\r\n  closeModal = () => this.setState({ isInnerOpen: false });\r\n\r\n  handleAfterClose = () => {\r\n    const { afterClose } = this.props;\r\n    if (afterClose) {\r\n      afterClose();\r\n    }\r\n  }\r\n\r\n  handleClose = () => {\r\n    const { beforeClose, requestClose, closeDebounceTimeout } = this.props;\r\n    if (beforeClose) {\r\n      beforeClose();\r\n    }\r\n    if (closeDebounceTimeout) {\r\n      defferCall(\r\n        () => {\r\n          this.closeModal();\r\n          requestClose();\r\n          this.handleAfterClose();\r\n        },\r\n        closeDebounceTimeout,\r\n      );\r\n      return;\r\n    }\r\n    requestClose();\r\n    this.handleAfterClose();\r\n  }\r\n\r\n  renderDimmer = () => {\r\n    const { classes, closeOnDimmerClick } = this.props;\r\n    return (\r\n      <div\r\n        className={\r\n          classnames('hyper-dimmer-wrapper', classes && classes.contentClassName)\r\n        }\r\n        onClick={closeOnDimmerClick ? this.handleClose : undefined}\r\n      />\r\n    );\r\n  }\r\n\r\n  renderCloseIcon = () => {\r\n    const { renderCloseIcon, closeOnCloseIconClick, closeIconPosition } = this.props;\r\n    const iconClassNames = closeIconPosition\r\n      ? classnames(\r\n          'hyper-close-icon-wrapper',\r\n          closeIconPosition.horizontal,\r\n          closeIconPosition.vertical,\r\n        )\r\n      : 'hyper-close-icon-wrapper';\r\n    return (\r\n      <div\r\n        className={iconClassNames}\r\n        onClick={closeOnCloseIconClick ? this.handleClose : undefined}\r\n        tabIndex={0}\r\n      >\r\n        {renderCloseIcon ? renderCloseIcon() : (<DefaultCloseIcon />)}\r\n      </div>\r\n    );\r\n  }\r\n\r\n  renderModalContent = () => {\r\n    const {\r\n      ariaEnabled,\r\n      ariaProps,\r\n      classes,\r\n      isFullscreen,\r\n      modalContentRef,\r\n      renderContent,\r\n      childrenMode,\r\n      children,\r\n    } = this.props;\r\n\r\n    const content = childrenMode\r\n      ? children\r\n      : renderContent ? renderContent() : (null);\r\n\r\n    return (\r\n      <div\r\n        className={\r\n          classnames({\r\n            'hyper-modal-content-wrapper': true,\r\n            fullscreen: isFullscreen || false,\r\n            [(classes && classes.contentClassName) || '']: true,\r\n          })\r\n        }\r\n        ref={modalContentRef}\r\n      >\r\n        {content\r\n          ? content\r\n          : (<DefaultModalContent\r\n              ariaProps={ariaProps}\r\n              ariaEnabled={ariaEnabled}\r\n              handleClose={this.handleClose}\r\n            />)\r\n        }\r\n        {this.renderCloseIcon()}\r\n      </div>\r\n    );\r\n  }\r\n\r\n  renderModalWrapper = () => {\r\n    const {\r\n      classes,\r\n      dimmerEnabled,\r\n      modalWrapperRef,\r\n      position,\r\n    } = this.props;\r\n    const { isInnerOpen } = this.state;\r\n    return (\r\n      <div\r\n        className={\r\n          classnames({\r\n            'hyper-modal-wrapper': true,\r\n            visible: isInnerOpen,\r\n            [(classes && classes.wrapperClassName) || '']: true,\r\n          })\r\n        }\r\n        ref={modalWrapperRef}\r\n        style={buildContentStyle(position)}\r\n      >\r\n        {dimmerEnabled && this.renderDimmer()}\r\n        {this.renderModalContent()}\r\n      </div>\r\n    );\r\n  }\r\n\r\n  renderModal = () => {\r\n    const { portalMode, portalNode, classes, unmountOnClose } = this.props;\r\n    const { isInnerOpen } = this.state;\r\n\r\n    if (!isInnerOpen && unmountOnClose) {\r\n      return (null);\r\n    }\r\n    if (portalMode && ReactDOM.createPortal) {\r\n      const node = portalNode || createElement(classes && classes.portalWrapperClassName);\r\n      return ReactDOM.createPortal(\r\n        this.renderModalWrapper(),\r\n        node\r\n      );\r\n    }\r\n    return this.renderModalWrapper();\r\n  }\r\n\r\n  render() {\r\n    return this.renderModal();\r\n  }\r\n}\r\n\r\nexport default Modal;\r\n"]},"_coverageSchema":"332fd63041d2c1bcb487cc26dd0d5f7d97098a6c","hash":"a54c953972ae404cba8069916c8bd298fc233636"}
,"F:\\work\\libs\\modal\\hyper-modal\\src\\types.ts": {"path":"F:\\work\\libs\\modal\\hyper-modal\\src\\types.ts","statementMap":{"0":{"start":{"line":1,"column":13},"end":{"line":1,"column":2762}},"1":{"start":{"line":1,"column":2762},"end":{"line":1,"column":2775}},"2":{"start":{"line":2,"column":0},"end":{"line":2,"column":62}}},"fnMap":{},"branchMap":{},"s":{"0":0,"1":0,"2":0},"f":{},"b":{}}
,"F:\\work\\libs\\modal\\hyper-modal\\src\\components\\index.ts": {"path":"F:\\work\\libs\\modal\\hyper-modal\\src\\components\\index.ts","statementMap":{"0":{"start":{"line":3,"column":4},"end":{"line":3,"column":71}},"1":{"start":{"line":3,"column":21},"end":{"line":3,"column":71}},"2":{"start":{"line":3,"column":53},"end":{"line":3,"column":71}},"3":{"start":{"line":5,"column":0},"end":{"line":5,"column":62}},"4":{"start":{"line":6,"column":0},"end":{"line":6,"column":40}},"5":{"start":{"line":7,"column":0},"end":{"line":7,"column":43}}},"fnMap":{"0":{"name":"__export","decl":{"start":{"line":2,"column":9},"end":{"line":2,"column":17}},"loc":{"start":{"line":2,"column":21},"end":{"line":4,"column":1}},"line":2}},"branchMap":{"0":{"loc":{"start":{"line":3,"column":21},"end":{"line":3,"column":71}},"type":"if","locations":[{"start":{"line":3,"column":21},"end":{"line":3,"column":71}},{"start":{"line":3,"column":21},"end":{"line":3,"column":71}}],"line":3}},"s":{"0":2,"1":2,"2":2,"3":1,"4":1,"5":1},"f":{"0":2},"b":{"0":[2,0]},"inputSourceMap":{"version":3,"file":"index.js","sourceRoot":"","sources":["index.ts"],"names":[],"mappings":";;;;;AAAA,wCAAmC;AACnC,2CAAsC","sourcesContent":["export * from './DefaultCloseIcon';\r\nexport * from './DefaultModalContent';\r\n"]},"_coverageSchema":"332fd63041d2c1bcb487cc26dd0d5f7d97098a6c","hash":"3eedd8965e7bac8ab0920b5e10f877eb7b6d66e8"}
,"F:\\work\\libs\\modal\\hyper-modal\\src\\components\\DefaultCloseIcon\\index.tsx": {"path":"F:\\work\\libs\\modal\\hyper-modal\\src\\components\\DefaultCloseIcon\\index.tsx","statementMap":{"0":{"start":{"line":2,"column":0},"end":{"line":2,"column":62}},"1":{"start":{"line":3,"column":12},"end":{"line":3,"column":28}},"2":{"start":{"line":4,"column":0},"end":{"line":4,"column":24}},"3":{"start":{"line":5,"column":0},"end":{"line":7,"column":2}},"4":{"start":{"line":6,"column":4},"end":{"line":6,"column":73}}},"fnMap":{"0":{"name":"(anonymous_0)","decl":{"start":{"line":5,"column":27},"end":{"line":5,"column":28}},"loc":{"start":{"line":5,"column":39},"end":{"line":7,"column":1}},"line":5}},"branchMap":{},"s":{"0":1,"1":1,"2":1,"3":1,"4":1},"f":{"0":1},"b":{},"inputSourceMap":{"version":3,"file":"index.js","sourceRoot":"","sources":["index.tsx"],"names":[],"mappings":";;AAAA,6BAA+B;AAC/B,wBAAsB;AAET,QAAA,gBAAgB,GAAG;IAC9B,OAAO,CACL,2BAAG,SAAS,EAAC,kBAAkB,GAAG,CACnC,CAAC;AACJ,CAAC,CAAA","sourcesContent":["import * as React from 'react';\r\nimport './style.scss';\r\n\r\nexport const DefaultCloseIcon = () => {\r\n  return (\r\n    <i className=\"hyper-close-icon\" />\r\n  );\r\n}\r\n"]},"_coverageSchema":"332fd63041d2c1bcb487cc26dd0d5f7d97098a6c","hash":"a6c81b24e9125af0fcdcbfd720e7402ba9aa9f51"}
,"F:\\work\\libs\\modal\\hyper-modal\\src\\components\\DefaultModalContent\\index.tsx": {"path":"F:\\work\\libs\\modal\\hyper-modal\\src\\components\\DefaultModalContent\\index.tsx","statementMap":{"0":{"start":{"line":2,"column":0},"end":{"line":2,"column":62}},"1":{"start":{"line":3,"column":12},"end":{"line":3,"column":28}},"2":{"start":{"line":4,"column":0},"end":{"line":4,"column":24}},"3":{"start":{"line":5,"column":0},"end":{"line":17,"column":2}},"4":{"start":{"line":6,"column":22},"end":{"line":6,"column":39}},"5":{"start":{"line":6,"column":53},"end":{"line":6,"column":68}},"6":{"start":{"line":6,"column":84},"end":{"line":6,"column":101}},"7":{"start":{"line":7,"column":18},"end":{"line":9,"column":19}},"8":{"start":{"line":10,"column":24},"end":{"line":12,"column":19}},"9":{"start":{"line":13,"column":4},"end":{"line":16,"column":94}}},"fnMap":{"0":{"name":"(anonymous_0)","decl":{"start":{"line":5,"column":30},"end":{"line":5,"column":31}},"loc":{"start":{"line":5,"column":47},"end":{"line":17,"column":1}},"line":5}},"branchMap":{"0":{"loc":{"start":{"line":7,"column":18},"end":{"line":9,"column":19}},"type":"cond-expr","locations":[{"start":{"line":8,"column":10},"end":{"line":8,"column":38}},{"start":{"line":9,"column":10},"end":{"line":9,"column":19}}],"line":7},"1":{"loc":{"start":{"line":7,"column":18},"end":{"line":7,"column":42}},"type":"binary-expr","locations":[{"start":{"line":7,"column":18},"end":{"line":7,"column":29}},{"start":{"line":7,"column":33},"end":{"line":7,"column":42}}],"line":7},"2":{"loc":{"start":{"line":10,"column":24},"end":{"line":12,"column":19}},"type":"cond-expr","locations":[{"start":{"line":11,"column":10},"end":{"line":11,"column":39}},{"start":{"line":12,"column":10},"end":{"line":12,"column":19}}],"line":10},"3":{"loc":{"start":{"line":10,"column":24},"end":{"line":10,"column":48}},"type":"binary-expr","locations":[{"start":{"line":10,"column":24},"end":{"line":10,"column":35}},{"start":{"line":10,"column":39},"end":{"line":10,"column":48}}],"line":10}},"s":{"0":1,"1":1,"2":1,"3":1,"4":1,"5":1,"6":1,"7":1,"8":1,"9":1},"f":{"0":1},"b":{"0":[1,0],"1":[1,1],"2":[1,0],"3":[1,1]},"inputSourceMap":{"version":3,"file":"index.js","sourceRoot":"","sources":["index.tsx"],"names":[],"mappings":";;AAAA,6BAA+B;AAG/B,wBAAsB;AAQT,QAAA,mBAAmB,GAAG,UAAC,KAAgC;IAC1D,IAAA,+BAAW,EAAE,2BAAS,EAAE,+BAAW,CAAW;IACtD,IAAM,OAAO,GAAG,WAAW,IAAI,SAAS;QACtC,CAAC,CAAC,SAAS,CAAC,iBAAiB,CAAC;QAC9B,CAAC,CAAC,SAAS,CAAC;IACd,IAAM,aAAa,GAAG,WAAW,IAAI,SAAS;QAC5C,CAAC,CAAC,SAAS,CAAC,kBAAkB,CAAC;QAC/B,CAAC,CAAC,SAAS,CAAC;IAEd,OAAO,CACL,6BAAK,SAAS,EAAC,6BAA6B;QAC1C,6BAAK,SAAS,EAAC,OAAO,EAAC,EAAE,EAAE,OAAO,kBAAmB;QACrD,6BAAK,SAAS,EAAC,aAAa,EAAC,EAAE,EAAE,aAAa,8CAExC;QACN,gCAAQ,QAAQ,EAAE,CAAC,EAAE,OAAO,EAAE,WAAW,kBAAsB,CAC3D,CACP,CAAC;AACJ,CAAC,CAAC","sourcesContent":["import * as React from 'react';\r\nimport { IARIAProps } from '../../types';\r\n\r\nimport './style.scss';\r\n\r\nexport interface IDefaultModalContentProps {\r\n  ariaEnabled?: boolean;\r\n  ariaProps?: IARIAProps;\r\n  handleClose: () => void;\r\n}\r\n\r\nexport const DefaultModalContent = (props: IDefaultModalContentProps) => {\r\n  const { ariaEnabled, ariaProps, handleClose } = props;\r\n  const labelId = ariaEnabled && ariaProps\r\n    ? ariaProps['aria-labelledby']\r\n    : undefined;\r\n  const descriptionId = ariaEnabled && ariaProps\r\n    ? ariaProps['aria-describedby']\r\n    : undefined;\r\n\r\n  return (\r\n    <div className=\"hyper-modal-default-content\">\r\n      <div className=\"title\" id={labelId}>Hyper modal</div>\r\n      <div className=\"description\" id={descriptionId}>\r\n        Fully customizable and accessible modal\r\n      </div>\r\n      <button tabIndex={1} onClick={handleClose}>Close modal</button>\r\n    </div>\r\n  );\r\n};\r\n"]},"_coverageSchema":"332fd63041d2c1bcb487cc26dd0d5f7d97098a6c","hash":"e4631e28c38ab490fbeb153e4b8096e900f4db6b"}
,"F:\\work\\libs\\modal\\hyper-modal\\src\\helpers\\buildStyles.ts": {"path":"F:\\work\\libs\\modal\\hyper-modal\\src\\helpers\\buildStyles.ts","statementMap":{"0":{"start":{"line":2,"column":15},"end":{"line":9,"column":1}},"1":{"start":{"line":3,"column":4},"end":{"line":7,"column":5}},"2":{"start":{"line":4,"column":8},"end":{"line":4,"column":25}},"3":{"start":{"line":5,"column":8},"end":{"line":6,"column":24}},"4":{"start":{"line":5,"column":25},"end":{"line":6,"column":24}},"5":{"start":{"line":6,"column":12},"end":{"line":6,"column":24}},"6":{"start":{"line":8,"column":4},"end":{"line":8,"column":13}},"7":{"start":{"line":10,"column":0},"end":{"line":10,"column":62}},"8":{"start":{"line":11,"column":21},"end":{"line":11,"column":46}},"9":{"start":{"line":12,"column":0},"end":{"line":19,"column":2}},"10":{"start":{"line":13,"column":24},"end":{"line":13,"column":91}},"11":{"start":{"line":14,"column":4},"end":{"line":17,"column":5}},"12":{"start":{"line":15,"column":20},"end":{"line":15,"column":76}},"13":{"start":{"line":16,"column":8},"end":{"line":16,"column":21}},"14":{"start":{"line":18,"column":4},"end":{"line":18,"column":25}}},"fnMap":{"0":{"name":"(anonymous_0)","decl":{"start":{"line":2,"column":59},"end":{"line":2,"column":60}},"loc":{"start":{"line":2,"column":71},"end":{"line":9,"column":1}},"line":2},"1":{"name":"(anonymous_1)","decl":{"start":{"line":12,"column":28},"end":{"line":12,"column":29}},"loc":{"start":{"line":12,"column":48},"end":{"line":19,"column":1}},"line":12}},"branchMap":{"0":{"loc":{"start":{"line":2,"column":15},"end":{"line":9,"column":1}},"type":"binary-expr","locations":[{"start":{"line":2,"column":16},"end":{"line":2,"column":20}},{"start":{"line":2,"column":24},"end":{"line":2,"column":37}},{"start":{"line":2,"column":42},"end":{"line":2,"column":55}},{"start":{"line":2,"column":59},"end":{"line":9,"column":1}}],"line":2},"1":{"loc":{"start":{"line":5,"column":25},"end":{"line":6,"column":24}},"type":"if","locations":[{"start":{"line":5,"column":25},"end":{"line":6,"column":24}},{"start":{"line":5,"column":25},"end":{"line":6,"column":24}}],"line":5},"2":{"loc":{"start":{"line":14,"column":4},"end":{"line":17,"column":5}},"type":"if","locations":[{"start":{"line":14,"column":4},"end":{"line":17,"column":5}},{"start":{"line":14,"column":4},"end":{"line":17,"column":5}}],"line":14}},"s":{"0":2,"1":0,"2":0,"3":0,"4":0,"5":0,"6":0,"7":2,"8":2,"9":2,"10":4,"11":4,"12":3,"13":3,"14":1},"f":{"0":0,"1":4},"b":{"0":[2,2,2,0],"1":[0,0],"2":[3,1]},"inputSourceMap":{"version":3,"file":"buildStyles.js","sourceRoot":"","sources":["buildStyles.ts"],"names":[],"mappings":";;;;;;;;;;AACA,+CAA8C;AAEjC,QAAA,iBAAiB,GAAG,UAAC,QAAyB;IACzD,IAAM,aAAa,cACjB,OAAO,EAAE,MAAM,IACZ,2BAAY,CAAC,QAAQ,CACzB,CAAC;IACF,IAAI,QAAQ,EAAE;QACZ,IAAM,KAAK,GAAG,MAAM,CAAC,MAAM,CACzB,EAAE,EACF,aAAa,eACR,QAAQ,EACd,CAAC;QACF,OAAO,KAAK,CAAC;KACd;IACD,OAAO,aAAa,CAAC;AACvB,CAAC,CAAA","sourcesContent":["import { IPositionProps } from '../types';\r\nimport { defaultProps } from './defaultProps';\r\n\r\nexport const buildContentStyle = (position?: IPositionProps) => {\r\n  const defaultStyles = {\r\n    display: 'flex',\r\n    ...defaultProps.position,\r\n  };\r\n  if (position) {\r\n    const style = Object.assign(\r\n      {},\r\n      defaultStyles,\r\n      { ...position },\r\n    );\r\n    return style;\r\n  }\r\n  return defaultStyles;\r\n}\r\n"]},"_coverageSchema":"332fd63041d2c1bcb487cc26dd0d5f7d97098a6c","hash":"e6a1dbeb536d742b4ac2516f22372475eb3d815a"}
,"F:\\work\\libs\\modal\\hyper-modal\\src\\helpers\\classnames.ts": {"path":"F:\\work\\libs\\modal\\hyper-modal\\src\\helpers\\classnames.ts","statementMap":{"0":{"start":{"line":2,"column":0},"end":{"line":2,"column":62}},"1":{"start":{"line":3,"column":0},"end":{"line":10,"column":2}},"2":{"start":{"line":4,"column":4},"end":{"line":9,"column":29}},"3":{"start":{"line":6,"column":33},"end":{"line":6,"column":55}},"4":{"start":{"line":7,"column":47},"end":{"line":9,"column":21}},"5":{"start":{"line":11,"column":0},"end":{"line":20,"column":2}},"6":{"start":{"line":12,"column":18},"end":{"line":12,"column":20}},"7":{"start":{"line":13,"column":4},"end":{"line":15,"column":5}},"8":{"start":{"line":14,"column":8},"end":{"line":14,"column":36}},"9":{"start":{"line":16,"column":4},"end":{"line":18,"column":5}},"10":{"start":{"line":17,"column":8},"end":{"line":17,"column":33}},"11":{"start":{"line":19,"column":4},"end":{"line":19,"column":53}}},"fnMap":{"0":{"name":"(anonymous_0)","decl":{"start":{"line":3,"column":32},"end":{"line":3,"column":33}},"loc":{"start":{"line":3,"column":51},"end":{"line":10,"column":1}},"line":3},"1":{"name":"(anonymous_1)","decl":{"start":{"line":6,"column":16},"end":{"line":6,"column":17}},"loc":{"start":{"line":6,"column":31},"end":{"line":6,"column":57}},"line":6},"2":{"name":"(anonymous_2)","decl":{"start":{"line":7,"column":16},"end":{"line":7,"column":17}},"loc":{"start":{"line":7,"column":45},"end":{"line":9,"column":23}},"line":7},"3":{"name":"(anonymous_3)","decl":{"start":{"line":11,"column":21},"end":{"line":11,"column":22}},"loc":{"start":{"line":11,"column":33},"end":{"line":20,"column":1}},"line":11}},"branchMap":{"0":{"loc":{"start":{"line":7,"column":55},"end":{"line":9,"column":19}},"type":"cond-expr","locations":[{"start":{"line":8,"column":10},"end":{"line":8,"column":53}},{"start":{"line":9,"column":10},"end":{"line":9,"column":19}}],"line":7},"1":{"loc":{"start":{"line":8,"column":30},"end":{"line":8,"column":52}},"type":"cond-expr","locations":[{"start":{"line":8,"column":37},"end":{"line":8,"column":47}},{"start":{"line":8,"column":50},"end":{"line":8,"column":52}}],"line":8},"2":{"loc":{"start":{"line":16,"column":4},"end":{"line":18,"column":5}},"type":"if","locations":[{"start":{"line":16,"column":4},"end":{"line":18,"column":5}},{"start":{"line":16,"column":4},"end":{"line":18,"column":5}}],"line":16},"3":{"loc":{"start":{"line":16,"column":8},"end":{"line":16,"column":52}},"type":"binary-expr","locations":[{"start":{"line":16,"column":8},"end":{"line":16,"column":18}},{"start":{"line":16,"column":22},"end":{"line":16,"column":52}}],"line":16}},"s":{"0":2,"1":2,"2":2,"3":6,"4":5,"5":2,"6":4,"7":4,"8":7,"9":4,"10":2,"11":2},"f":{"0":2,"1":6,"2":5,"3":4},"b":{"0":[3,2],"1":[1,2],"2":[2,2],"3":[4,4]},"inputSourceMap":{"version":3,"file":"classnames.js","sourceRoot":"","sources":["classnames.ts"],"names":[],"mappings":";;AAIa,QAAA,qBAAqB,GAAG,UAAC,OAAmC;IACvE,OAAO,MAAM;SACV,IAAI,CAAC,OAAO,CAAC;SACb,MAAM,CAAC,UAAA,GAAG,IAAI,OAAA,CAAC,CAAC,OAAO,CAAC,GAAG,CAAC,EAAd,CAAc,CAAC;SAC7B,MAAM,CACL,UAAC,WAAW,EAAE,IAAI,IAAK,OAAA,CAAC,WAAW;QACjC,CAAC,CAAC,KAAG,WAAW,IAAG,IAAI,CAAC,CAAC,CAAC,MAAI,IAAM,CAAC,CAAC,CAAC,EAAE,CAAE;QAC3C,CAAC,CAAC,KAAG,IAAM,CAAC,EAFS,CAET,EACd,EAAE,CACH,CAAC;AACN,CAAC,CAAA;AAEY,QAAA,UAAU,GAAG;IACxB,iBAAyD;SAAzD,UAAyD,EAAzD,qBAAyD,EAAzD,IAAyD;QAAzD,4BAAyD;;IAEzD,IAAI,OAAO,CAAC,CAAC,CAAC,IAAI,OAAO,OAAO,CAAC,CAAC,CAAC,KAAK,QAAQ,EAAE;QAChD,OAAO,OAAO,CAAC,IAAI,CAAC,GAAG,CAAC,CAAC;KAC1B;IACD,OAAO,6BAAqB,CAAC,OAAO,CAAC,CAAC,CAA2B,CAAC,CAAC;AACrE,CAAC,CAAA","sourcesContent":["export type IClassNamesObjectProps = { [key: string]: boolean };\r\n\r\nexport type IClassNamesProps = string | undefined;\r\n\r\nexport const convertObjectToString = (classes: { [key: string]: boolean }): string => {\r\n  return Object\r\n    .keys(classes)\r\n    .filter(key => !!classes[key])\r\n    .reduce(\r\n      (classString, item) => (classString\r\n        ? `${classString}${item ? ` ${item}` : ''}`\r\n        : `${item}`),\r\n      '',\r\n    );\r\n}\r\n\r\nexport const classnames = (\r\n  ...classes: (IClassNamesObjectProps | IClassNamesProps)[]\r\n) => {\r\n  if (classes[0] && typeof classes[0] === 'string') {\r\n    return classes.join(' ');\r\n  }\r\n  return convertObjectToString(classes[0] as IClassNamesObjectProps);\r\n}\r\n"]},"_coverageSchema":"332fd63041d2c1bcb487cc26dd0d5f7d97098a6c","hash":"1ddc6e2a4037bfb7e19ed11c3476854477752c81"}
,"F:\\work\\libs\\modal\\hyper-modal\\src\\helpers\\createElement.ts": {"path":"F:\\work\\libs\\modal\\hyper-modal\\src\\helpers\\createElement.ts","statementMap":{"0":{"start":{"line":2,"column":0},"end":{"line":2,"column":62}},"1":{"start":{"line":3,"column":0},"end":{"line":14,"column":2}},"2":{"start":{"line":4,"column":22},"end":{"line":4,"column":70}},"3":{"start":{"line":5,"column":4},"end":{"line":9,"column":5}},"4":{"start":{"line":6,"column":8},"end":{"line":6,"column":52}},"5":{"start":{"line":7,"column":8},"end":{"line":7,"column":64}},"6":{"start":{"line":8,"column":8},"end":{"line":8,"column":47}},"7":{"start":{"line":10,"column":4},"end":{"line":12,"column":5}},"8":{"start":{"line":11,"column":8},"end":{"line":11,"column":45}},"9":{"start":{"line":13,"column":4},"end":{"line":13,"column":23}}},"fnMap":{"0":{"name":"(anonymous_0)","decl":{"start":{"line":3,"column":24},"end":{"line":3,"column":25}},"loc":{"start":{"line":3,"column":45},"end":{"line":14,"column":1}},"line":3}},"branchMap":{"0":{"loc":{"start":{"line":5,"column":4},"end":{"line":9,"column":5}},"type":"if","locations":[{"start":{"line":5,"column":4},"end":{"line":9,"column":5}},{"start":{"line":5,"column":4},"end":{"line":9,"column":5}}],"line":5},"1":{"loc":{"start":{"line":10,"column":4},"end":{"line":12,"column":5}},"type":"if","locations":[{"start":{"line":10,"column":4},"end":{"line":12,"column":5}},{"start":{"line":10,"column":4},"end":{"line":12,"column":5}}],"line":10},"2":{"loc":{"start":{"line":10,"column":8},"end":{"line":10,"column":63}},"type":"binary-expr","locations":[{"start":{"line":10,"column":8},"end":{"line":10,"column":17}},{"start":{"line":10,"column":21},"end":{"line":10,"column":63}}],"line":10}},"s":{"0":2,"1":2,"2":2,"3":2,"4":1,"5":1,"6":1,"7":2,"8":1,"9":2},"f":{"0":2},"b":{"0":[1,1],"1":[1,1],"2":[2,1]},"inputSourceMap":{"version":3,"file":"createElement.js","sourceRoot":"","sources":["createElement.ts"],"names":[],"mappings":";;AAAa,QAAA,aAAa,GAAG,UAAC,SAAkB;IAC9C,IAAI,WAAW,GAAG,QAAQ,CAAC,cAAc,CAAC,uBAAuB,CAAC,CAAC;IACnE,IAAI,CAAC,WAAW,EAAE;QAChB,WAAW,GAAG,QAAQ,CAAC,aAAa,CAAC,KAAK,CAAC,CAAC;QAC5C,WAAW,CAAC,YAAY,CAAC,IAAI,EAAE,uBAAuB,CAAC,CAAC;QACxD,QAAQ,CAAC,IAAI,CAAC,WAAW,CAAC,WAAW,CAAC,CAAC;KACxC;IACD,IAAI,SAAS,IAAI,CAAC,WAAW,CAAC,SAAS,CAAC,QAAQ,CAAC,SAAS,CAAC,EAAE;QAC3D,WAAW,CAAC,SAAS,CAAC,GAAG,CAAC,SAAS,CAAC,CAAC;KACtC;IACD,OAAO,WAAW,CAAC;AACrB,CAAC,CAAA","sourcesContent":["export const createElement = (className?: string): HTMLElement => {\r\n  let currentNode = document.getElementById('hyper-modal-portal-id');\r\n  if (!currentNode) {\r\n    currentNode = document.createElement('div');\r\n    currentNode.setAttribute('id', 'hyper-modal-portal-id');\r\n    document.body.appendChild(currentNode);\r\n  }\r\n  if (className && !currentNode.classList.contains(className)) {\r\n    currentNode.classList.add(className);\r\n  }\r\n  return currentNode;\r\n}\r\n"]},"_coverageSchema":"332fd63041d2c1bcb487cc26dd0d5f7d97098a6c","hash":"da8bcae3cb118848e320a554314ccefdb68e0b94"}
,"F:\\work\\libs\\modal\\hyper-modal\\src\\helpers\\defaultProps.ts": {"path":"F:\\work\\libs\\modal\\hyper-modal\\src\\helpers\\defaultProps.ts","statementMap":{"0":{"start":{"line":2,"column":0},"end":{"line":2,"column":62}},"1":{"start":{"line":3,"column":0},"end":{"line":32,"column":2}}},"fnMap":{},"branchMap":{},"s":{"0":2,"1":2},"f":{},"b":{},"inputSourceMap":{"version":3,"file":"defaultProps.js","sourceRoot":"","sources":["defaultProps.ts"],"names":[],"mappings":";;AAAa,QAAA,YAAY,GAAG;IAC1B,UAAU,EAAE,SAAS;IACrB,WAAW,EAAE,IAAI;IACjB,SAAS,EAAE;QACT,kBAAkB,EAAE,yBAAyB;QAC7C,iBAAiB,EAAE,mBAAmB;QACtC,IAAI,EAAE,QAAQ;KACf;IACD,WAAW,EAAE,SAAS;IACtB,OAAO,EAAE,SAAS;IAClB,YAAY,EAAE,IAAI;IAClB,oBAAoB,EAAE,CAAC;IACvB,iBAAiB,EAAE;QACjB,QAAQ,EAAE,KAAK;QACf,UAAU,EAAE,OAAO;KACpB;IACD,qBAAqB,EAAE,IAAI;IAC3B,kBAAkB,EAAE,IAAI;IACxB,eAAe,EAAE,IAAI;IACrB,aAAa,EAAE,IAAI;IACnB,YAAY,EAAE,KAAK;IACnB,UAAU,EAAE,KAAK;IACjB,UAAU,EAAE,SAAS;IACrB,QAAQ,EAAE;QACR,UAAU,EAAE,QAAQ;QACpB,cAAc,EAAE,QAAQ;KACzB;IACD,eAAe,EAAE,SAAS;IAC1B,aAAa,EAAE,SAAS;CACzB,CAAC","sourcesContent":["export const defaultProps = {\r\n  afterClose: undefined,\r\n  ariaEnabled: true,\r\n  ariaProps: {\r\n    'aria-describedby': 'hyper-modal-description',\r\n    'aria-labelledby': 'hyper-modal-title',\r\n    role: 'dialog',\r\n  },\r\n  beforeClose: undefined,\r\n  classes: undefined,\r\n  childrenMode: true,\r\n  closeDebounceTimeout: 0,\r\n  closeIconPosition: {\r\n    vertical: 'top',\r\n    horizontal: 'right',\r\n  },\r\n  closeOnCloseIconClick: true,\r\n  closeOnDimmerClick: true,\r\n  closeOnEscClick: true,\r\n  dimmerEnabled: true,\r\n  isFullscreen: false,\r\n  portalMode: false,\r\n  portalNode: undefined,\r\n  position: {\r\n    alignItems: 'center',\r\n    justifyContent: 'center',\r\n  },\r\n  renderCloseIcon: undefined,\r\n  renderContent: undefined,\r\n};\r\n"]},"_coverageSchema":"332fd63041d2c1bcb487cc26dd0d5f7d97098a6c","hash":"5231f0c07f6e55e18482b5485b4a553765d2e18b"}
,"F:\\work\\libs\\modal\\hyper-modal\\src\\helpers\\defferCall.ts": {"path":"F:\\work\\libs\\modal\\hyper-modal\\src\\helpers\\defferCall.ts","statementMap":{"0":{"start":{"line":2,"column":0},"end":{"line":2,"column":62}},"1":{"start":{"line":3,"column":0},"end":{"line":12,"column":2}},"2":{"start":{"line":4,"column":4},"end":{"line":4,"column":46}},"3":{"start":{"line":4,"column":30},"end":{"line":4,"column":44}},"4":{"start":{"line":5,"column":4},"end":{"line":5,"column":39}},"5":{"start":{"line":5,"column":27},"end":{"line":5,"column":37}},"6":{"start":{"line":6,"column":4},"end":{"line":11,"column":7}},"7":{"start":{"line":7,"column":8},"end":{"line":10,"column":20}},"8":{"start":{"line":8,"column":12},"end":{"line":8,"column":23}},"9":{"start":{"line":9,"column":12},"end":{"line":9,"column":22}}},"fnMap":{"0":{"name":"(anonymous_0)","decl":{"start":{"line":3,"column":21},"end":{"line":3,"column":22}},"loc":{"start":{"line":3,"column":52},"end":{"line":12,"column":1}},"line":3},"1":{"name":"(anonymous_1)","decl":{"start":{"line":6,"column":23},"end":{"line":6,"column":24}},"loc":{"start":{"line":6,"column":42},"end":{"line":11,"column":5}},"line":6},"2":{"name":"(anonymous_2)","decl":{"start":{"line":7,"column":19},"end":{"line":7,"column":20}},"loc":{"start":{"line":7,"column":31},"end":{"line":10,"column":9}},"line":7}},"branchMap":{"0":{"loc":{"start":{"line":4,"column":4},"end":{"line":4,"column":46}},"type":"if","locations":[{"start":{"line":4,"column":4},"end":{"line":4,"column":46}},{"start":{"line":4,"column":4},"end":{"line":4,"column":46}}],"line":4},"1":{"loc":{"start":{"line":5,"column":4},"end":{"line":5,"column":39}},"type":"if","locations":[{"start":{"line":5,"column":4},"end":{"line":5,"column":39}},{"start":{"line":5,"column":4},"end":{"line":5,"column":39}}],"line":5}},"s":{"0":2,"1":2,"2":1,"3":1,"4":1,"5":1,"6":1,"7":1,"8":1,"9":1},"f":{"0":1,"1":1,"2":1},"b":{"0":[1,0],"1":[1,0]},"inputSourceMap":{"version":3,"file":"defferCall.js","sourceRoot":"","sources":["defferCall.ts"],"names":[],"mappings":";;AAAa,QAAA,UAAU,GAAG,UAAC,IAAS,EAAE,OAAqB,EAAE,IAAc;IAArC,wBAAA,EAAA,aAAqB;IAAE,qBAAA,EAAA,SAAc;IACzE,OAAO,IAAI,OAAO,CAAC,UAAA,OAAO;QACxB,UAAU,CACR;YACE,IAAI,CAAC,IAAI,CAAC,CAAC;YACX,OAAO,EAAE,CAAC;QACZ,CAAC,EACD,OAAO,CACR,CAAC;IACJ,CAAC,CAAC,CAAC;AACL,CAAC,CAAA","sourcesContent":["export const defferCall = (func: any, timeout: number = 500, args: any = {}) => {\r\n  return new Promise(resolve => {\r\n    setTimeout(\r\n      () => {\r\n        func(args);\r\n        resolve();\r\n      },\r\n      timeout,\r\n    );\r\n  });\r\n}\r\n"]},"_coverageSchema":"332fd63041d2c1bcb487cc26dd0d5f7d97098a6c","hash":"0578dc1f280b163faaa8a18ef47957605f4331a7"}
,"F:\\work\\libs\\modal\\hyper-modal\\src\\helpers\\index.ts": {"path":"F:\\work\\libs\\modal\\hyper-modal\\src\\helpers\\index.ts","statementMap":{"0":{"start":{"line":3,"column":4},"end":{"line":3,"column":71}},"1":{"start":{"line":3,"column":21},"end":{"line":3,"column":71}},"2":{"start":{"line":3,"column":53},"end":{"line":3,"column":71}},"3":{"start":{"line":5,"column":0},"end":{"line":5,"column":62}},"4":{"start":{"line":6,"column":0},"end":{"line":6,"column":35}},"5":{"start":{"line":7,"column":0},"end":{"line":7,"column":34}},"6":{"start":{"line":8,"column":0},"end":{"line":8,"column":37}},"7":{"start":{"line":9,"column":0},"end":{"line":9,"column":36}},"8":{"start":{"line":10,"column":0},"end":{"line":10,"column":34}}},"fnMap":{"0":{"name":"__export","decl":{"start":{"line":2,"column":9},"end":{"line":2,"column":17}},"loc":{"start":{"line":2,"column":21},"end":{"line":4,"column":1}},"line":2}},"branchMap":{"0":{"loc":{"start":{"line":3,"column":21},"end":{"line":3,"column":71}},"type":"if","locations":[{"start":{"line":3,"column":21},"end":{"line":3,"column":71}},{"start":{"line":3,"column":21},"end":{"line":3,"column":71}}],"line":3}},"s":{"0":10,"1":12,"2":12,"3":2,"4":2,"5":2,"6":2,"7":2,"8":2},"f":{"0":10},"b":{"0":[12,0]},"inputSourceMap":{"version":3,"file":"index.js","sourceRoot":"","sources":["index.ts"],"names":[],"mappings":";;;;;AAAA,mCAA8B;AAC9B,kCAA6B;AAC7B,qCAAgC;AAChC,oCAA+B;AAC/B,kCAA6B","sourcesContent":["export * from './buildStyles';\r\nexport * from './classnames';\r\nexport * from './createElement';\r\nexport * from './defaultProps';\r\nexport * from './defferCall';\r\n"]},"_coverageSchema":"332fd63041d2c1bcb487cc26dd0d5f7d97098a6c","hash":"d533a4f5278057ee76e3deb4307d59e2ba44601c"}
}
