TN:
SF:F:\work\libs\modal\hyper-modal\src\index.tsx
FN:2,(anonymous_0)
FN:4,(anonymous_1)
FN:5,(anonymous_2)
FN:6,(anonymous_3)
FN:8,__
FN:19,(anonymous_5)
FN:21,Modal
FN:23,(anonymous_7)
FN:31,(anonymous_8)
FN:32,(anonymous_9)
FN:38,(anonymous_10)
FN:44,(anonymous_11)
FN:54,(anonymous_12)
FN:58,(anonymous_13)
FN:65,(anonymous_14)
FN:82,(anonymous_15)
FN:95,(anonymous_16)
FN:112,(anonymous_17)
FN:120,(anonymous_18)
FN:123,(anonymous_19)
FN:126,(anonymous_20)
FNF:21
FNH:14
FNDA:1,(anonymous_0)
FNDA:0,(anonymous_1)
FNDA:0,(anonymous_2)
FNDA:1,(anonymous_3)
FNDA:1,__
FNDA:1,(anonymous_5)
FNDA:1,Modal
FNDA:0,(anonymous_7)
FNDA:0,(anonymous_8)
FNDA:0,(anonymous_9)
FNDA:0,(anonymous_10)
FNDA:0,(anonymous_11)
FNDA:1,(anonymous_12)
FNDA:1,(anonymous_13)
FNDA:1,(anonymous_14)
FNDA:1,(anonymous_15)
FNDA:1,(anonymous_16)
FNDA:1,(anonymous_17)
FNDA:1,(anonymous_18)
FNDA:1,(anonymous_19)
FNDA:1,(anonymous_20)
DA:2,1
DA:3,1
DA:4,0
DA:5,0
DA:6,1
DA:7,1
DA:8,1
DA:9,1
DA:12,1
DA:13,1
DA:14,1
DA:15,1
DA:16,1
DA:17,1
DA:18,1
DA:19,1
DA:20,1
DA:22,1
DA:23,1
DA:24,0
DA:27,0
DA:28,0
DA:31,1
DA:32,1
DA:33,0
DA:34,0
DA:35,0
DA:38,1
DA:39,0
DA:40,0
DA:41,0
DA:43,0
DA:44,0
DA:45,0
DA:46,0
DA:47,0
DA:49,0
DA:51,0
DA:52,0
DA:54,1
DA:55,1
DA:56,1
DA:58,1
DA:59,1
DA:60,1
DA:63,1
DA:65,1
DA:67,1
DA:68,1
DA:71,1
DA:82,1
DA:84,1
DA:85,1
DA:86,1
DA:95,1
DA:96,1
DA:97,1
DA:98,1
DA:99,0
DA:101,1
DA:102,0
DA:103,0
DA:105,1
DA:107,1
DA:110,1
DA:112,1
DA:113,1
DA:114,1
DA:118,0
DA:120,1
DA:121,1
DA:123,1
DA:124,1
DA:126,1
DA:127,1
DA:129,1
DA:130,1
DA:132,1
LF:78
LH:55
BRDA:2,0,0,1
BRDA:2,0,1,1
BRDA:2,0,2,1
BRDA:3,1,0,1
BRDA:3,1,1,0
BRDA:3,1,2,0
BRDA:3,1,3,0
BRDA:5,2,0,0
BRDA:5,2,1,0
BRDA:9,3,0,0
BRDA:9,3,1,1
BRDA:22,4,0,1
BRDA:22,4,1,1
BRDA:24,5,0,0
BRDA:24,5,1,0
BRDA:24,6,0,0
BRDA:24,6,1,0
BRDA:24,6,2,0
BRDA:34,7,0,0
BRDA:34,7,1,0
BRDA:40,8,0,0
BRDA:40,8,1,0
BRDA:43,9,0,0
BRDA:43,9,1,0
BRDA:56,10,0,1
BRDA:56,10,1,0
BRDA:56,11,0,1
BRDA:56,11,1,0
BRDA:60,12,0,1
BRDA:60,12,1,0
BRDA:63,13,0,1
BRDA:63,13,1,0
BRDA:63,14,0,0
BRDA:63,14,1,1
BRDA:68,15,0,1
BRDA:68,15,1,0
BRDA:70,16,0,0
BRDA:70,16,1,0
BRDA:73,17,0,1
BRDA:73,17,1,1
BRDA:75,18,0,1
BRDA:75,18,1,0
BRDA:75,18,2,1
BRDA:77,19,0,0
BRDA:77,19,1,1
BRDA:90,20,0,1
BRDA:90,20,1,0
BRDA:90,20,2,1
BRDA:92,21,0,1
BRDA:92,21,1,1
BRDA:98,22,0,0
BRDA:98,22,1,1
BRDA:98,23,0,1
BRDA:98,23,1,0
BRDA:101,24,0,0
BRDA:101,24,1,1
BRDA:101,25,0,1
BRDA:101,25,1,0
BRDA:102,26,0,0
BRDA:102,26,1,0
BRDA:102,27,0,0
BRDA:102,27,1,0
BRDA:113,28,0,1
BRDA:113,28,1,0
BRDA:113,29,0,1
BRDA:113,29,1,1
BRF:66
BRH:29
end_of_record
TN:
SF:F:\work\libs\modal\hyper-modal\src\types.ts
FNF:0
FNH:0
DA:1,0
DA:2,0
LF:2
LH:0
BRF:0
BRH:0
end_of_record
TN:
SF:F:\work\libs\modal\hyper-modal\src\components\index.ts
FN:2,__export
FNF:1
FNH:1
FNDA:2,__export
DA:3,2
DA:5,1
DA:6,1
DA:7,1
LF:4
LH:4
BRDA:3,0,0,2
BRDA:3,0,1,0
BRF:2
BRH:1
end_of_record
TN:
SF:F:\work\libs\modal\hyper-modal\src\components\DefaultCloseIcon\index.tsx
FN:5,(anonymous_0)
FNF:1
FNH:1
FNDA:1,(anonymous_0)
DA:2,1
DA:3,1
DA:4,1
DA:5,1
DA:6,1
LF:5
LH:5
BRF:0
BRH:0
end_of_record
TN:
SF:F:\work\libs\modal\hyper-modal\src\components\DefaultModalContent\index.tsx
FN:5,(anonymous_0)
FNF:1
FNH:1
FNDA:1,(anonymous_0)
DA:2,1
DA:3,1
DA:4,1
DA:5,1
DA:6,1
DA:7,1
DA:10,1
DA:13,1
LF:8
LH:8
BRDA:7,0,0,1
BRDA:7,0,1,0
BRDA:7,1,0,1
BRDA:7,1,1,1
BRDA:10,2,0,1
BRDA:10,2,1,0
BRDA:10,3,0,1
BRDA:10,3,1,1
BRF:8
BRH:6
end_of_record
TN:
SF:F:\work\libs\modal\hyper-modal\src\helpers\buildStyles.ts
FN:2,(anonymous_0)
FN:12,(anonymous_1)
FNF:2
FNH:1
FNDA:0,(anonymous_0)
FNDA:4,(anonymous_1)
DA:2,2
DA:3,0
DA:4,0
DA:5,0
DA:6,0
DA:8,0
DA:10,2
DA:11,2
DA:12,2
DA:13,4
DA:14,4
DA:15,3
DA:16,3
DA:18,1
LF:14
LH:9
BRDA:2,0,0,2
BRDA:2,0,1,2
BRDA:2,0,2,2
BRDA:2,0,3,0
BRDA:5,1,0,0
BRDA:5,1,1,0
BRDA:14,2,0,3
BRDA:14,2,1,1
BRF:8
BRH:5
end_of_record
TN:
SF:F:\work\libs\modal\hyper-modal\src\helpers\classnames.ts
FN:3,(anonymous_0)
FN:6,(anonymous_1)
FN:7,(anonymous_2)
FN:11,(anonymous_3)
FNF:4
FNH:4
FNDA:2,(anonymous_0)
FNDA:6,(anonymous_1)
FNDA:5,(anonymous_2)
FNDA:4,(anonymous_3)
DA:2,2
DA:3,2
DA:4,2
DA:6,6
DA:7,5
DA:11,2
DA:12,4
DA:13,4
DA:14,7
DA:16,4
DA:17,2
DA:19,2
LF:12
LH:12
BRDA:7,0,0,3
BRDA:7,0,1,2
BRDA:8,1,0,1
BRDA:8,1,1,2
BRDA:16,2,0,2
BRDA:16,2,1,2
BRDA:16,3,0,4
BRDA:16,3,1,4
BRF:8
BRH:8
end_of_record
TN:
SF:F:\work\libs\modal\hyper-modal\src\helpers\createElement.ts
FN:3,(anonymous_0)
FNF:1
FNH:1
FNDA:2,(anonymous_0)
DA:2,2
DA:3,2
DA:4,2
DA:5,2
DA:6,1
DA:7,1
DA:8,1
DA:10,2
DA:11,1
DA:13,2
LF:10
LH:10
BRDA:5,0,0,1
BRDA:5,0,1,1
BRDA:10,1,0,1
BRDA:10,1,1,1
BRDA:10,2,0,2
BRDA:10,2,1,1
BRF:6
BRH:6
end_of_record
TN:
SF:F:\work\libs\modal\hyper-modal\src\helpers\defaultProps.ts
FNF:0
FNH:0
DA:2,2
DA:3,2
LF:2
LH:2
BRF:0
BRH:0
end_of_record
TN:
SF:F:\work\libs\modal\hyper-modal\src\helpers\defferCall.ts
FN:3,(anonymous_0)
FN:6,(anonymous_1)
FN:7,(anonymous_2)
FNF:3
FNH:3
FNDA:1,(anonymous_0)
FNDA:1,(anonymous_1)
FNDA:1,(anonymous_2)
DA:2,2
DA:3,2
DA:4,1
DA:5,1
DA:6,1
DA:7,1
DA:8,1
DA:9,1
LF:8
LH:8
BRDA:4,0,0,1
BRDA:4,0,1,0
BRDA:5,1,0,1
BRDA:5,1,1,0
BRF:4
BRH:2
end_of_record
TN:
SF:F:\work\libs\modal\hyper-modal\src\helpers\index.ts
FN:2,__export
FNF:1
FNH:1
FNDA:10,__export
DA:3,12
DA:5,2
DA:6,2
DA:7,2
DA:8,2
DA:9,2
DA:10,2
LF:7
LH:7
BRDA:3,0,0,12
BRDA:3,0,1,0
BRF:2
BRH:1
end_of_record
